<?xml version="1.0" encoding="UTF-8" standalone="no"?>
<testsuite errors="0" failures="3" name="io.cucumber.core.plugin.JUnitFormatter" skipped="0" tests="31" time="308.635">
    <testcase classname="Test Alerts, Frame &amp; Windows" name="Validate the Textbox Functionality" time="56.557">
        <system-out><![CDATA[When User Navigates to Home Page and select Alerts, Frame & Windows.........passed
Then User Select Browser Windows From Alerts, Frame & Windows...............passed
When User click on the Tab Button...........................................passed
]]></system-out>
    </testcase>
    <testcase classname="Test Alerts, Frame &amp; Windows" name="Validate Alerts" time="10.133">
        <failure message="unexpected alert open: {Alert text : Please enter your name}&#10;  (Session info: chrome=131.0.6778.140): Please enter your name&#10;Build info: version: '4.27.0', revision: 'd6e718d134'&#10;System info: os.name: 'Windows 11', os.arch: 'amd64', os.version: '10.0', java.version: '23.0.1'&#10;Driver info: org.openqa.selenium.chrome.ChromeDriver&#10;Command: [9b3c53fe6af6c5f6436a2febb9a4816d, findElement {using=id, value=promptResult}]&#10;Capabilities {acceptInsecureCerts: false, browserName: chrome, browserVersion: 131.0.6778.140, chrome: {chromedriverVersion: 131.0.6778.85 (3d81e41b6f3a..., userDataDir: C:\Users\Rahul\AppData\Loca...}, fedcm:accounts: true, goog:chromeOptions: {debuggerAddress: localhost:56931}, networkConnectionEnabled: false, pageLoadStrategy: normal, platformName: windows, proxy: Proxy(), se:cdp: ws://localhost:56931/devtoo..., se:cdpVersion: 131.0.6778.140, setWindowRect: true, strictFileInteractability: false, timeouts: {implicit: 0, pageLoad: 300000, script: 30000}, unhandledPromptBehavior: dismiss and notify, webauthn:extension:credBlob: true, webauthn:extension:largeBlob: true, webauthn:extension:minPinLength: true, webauthn:extension:prf: true, webauthn:virtualAuthenticators: true}&#10;Session ID: 9b3c53fe6af6c5f6436a2febb9a4816d" type="org.openqa.selenium.UnhandledAlertException"><![CDATA[When User Navigates to Home Page and select Alerts, Frame & Windows.........passed
Then User Select Alerts From Alerts, Frame & Windows........................passed
When User click on Alert and Validate.......................................passed
When User click on Dynamic Alert and Validate...............................passed
When User click on Yes or No Alert and Validate.............................passed
When User click on input Alert and Validate.................................failed

StackTrace:
org.openqa.selenium.UnhandledAlertException: unexpected alert open: {Alert text : Please enter your name}
  (Session info: chrome=131.0.6778.140): Please enter your name
Build info: version: '4.27.0', revision: 'd6e718d134'
System info: os.name: 'Windows 11', os.arch: 'amd64', os.version: '10.0', java.version: '23.0.1'
Driver info: org.openqa.selenium.chrome.ChromeDriver
Command: [9b3c53fe6af6c5f6436a2febb9a4816d, findElement {using=id, value=promptResult}]
Capabilities {acceptInsecureCerts: false, browserName: chrome, browserVersion: 131.0.6778.140, chrome: {chromedriverVersion: 131.0.6778.85 (3d81e41b6f3a..., userDataDir: C:\Users\Rahul\AppData\Loca...}, fedcm:accounts: true, goog:chromeOptions: {debuggerAddress: localhost:56931}, networkConnectionEnabled: false, pageLoadStrategy: normal, platformName: windows, proxy: Proxy(), se:cdp: ws://localhost:56931/devtoo..., se:cdpVersion: 131.0.6778.140, setWindowRect: true, strictFileInteractability: false, timeouts: {implicit: 0, pageLoad: 300000, script: 30000}, unhandledPromptBehavior: dismiss and notify, webauthn:extension:credBlob: true, webauthn:extension:largeBlob: true, webauthn:extension:minPinLength: true, webauthn:extension:prf: true, webauthn:virtualAuthenticators: true}
Session ID: 9b3c53fe6af6c5f6436a2febb9a4816d
	at org.openqa.selenium.remote.codec.w3c.W3CHttpResponseCodec.decode(W3CHttpResponseCodec.java:136)
	at org.openqa.selenium.remote.codec.w3c.W3CHttpResponseCodec.decode(W3CHttpResponseCodec.java:50)
	at org.openqa.selenium.remote.HttpCommandExecutor.execute(HttpCommandExecutor.java:190)
	at org.openqa.selenium.remote.service.DriverCommandExecutor.invokeExecute(DriverCommandExecutor.java:216)
	at org.openqa.selenium.remote.service.DriverCommandExecutor.execute(DriverCommandExecutor.java:174)
	at org.openqa.selenium.remote.RemoteWebDriver.execute(RemoteWebDriver.java:545)
	at org.openqa.selenium.remote.ElementLocation$ElementFinder$2.findElement(ElementLocation.java:165)
	at org.openqa.selenium.remote.ElementLocation.findElement(ElementLocation.java:59)
	at org.openqa.selenium.remote.RemoteWebDriver.findElement(RemoteWebDriver.java:368)
	at org.openqa.selenium.remote.RemoteWebDriver.findElement(RemoteWebDriver.java:362)
	at commonMethods.commonMethods.fetch(commonMethods.java:59)
	at Pages.alartFrameWindowPG.enterStringIntoPromt(alartFrameWindowPG.java:71)
	at Stepdefinition.StepdefinitionAlertFrameWindows.userClickOnInputAlertAndValidate(StepdefinitionAlertFrameWindows.java:48)
	at âœ½.User click on input Alert and Validate(file:///C:/Users/Rahul/IdeaProjects/ToolsQA/src/test/resources/FeatureFiles/testAlertsFramsWindows.feature:16)
]]></failure>
    </testcase>
    <testcase classname="Test Alerts, Frame &amp; Windows" name="Validate the Frame" time="2.407">
        <system-out><![CDATA[When User Navigates to Home Page and select Alerts, Frame & Windows.........passed
Then User Select Frames From Alerts, Frame & Windows........................passed
Then User select between Parent Frame and Child Frame.......................passed
]]></system-out>
    </testcase>
    <testcase classname="Test Alerts, Frame &amp; Windows" name="Validate the Frame 2" time="2.206">
        <system-out><![CDATA[When User Navigates to Home Page and select Alerts, Frame & Windows.........passed
Then User Select Nested Frames From Alerts, Frame & Windows.................passed
Then User select between Nested Parent Frame and Child Frame................passed
]]></system-out>
    </testcase>
    <testcase classname="Test Alerts, Frame &amp; Windows" name="Validate the Dialog Boxes" time="4.87">
        <system-out><![CDATA[When User Navigates to Home Page and select Alerts, Frame & Windows.........passed
Then User Select Modal Dialogs From Alerts, Frame & Windows.................passed
Then User select Small Modals...............................................passed
Then User select Large Modals...............................................passed
]]></system-out>
    </testcase>
    <testcase classname="Test Book Store Application" name="Validate the Login Functionality" time="1.846">
        <system-out><![CDATA[When User Navigates to Home Page and select Book Store Application..........passed
Then User Select Login From Book Store Application..........................passed
Then User Enter the User name and Password..................................passed
]]></system-out>
    </testcase>
    <testcase classname="Test Book Store Application" name="Validate the Register Functionality" time="1.651">
        <system-out><![CDATA[When User Navigates to Home Page and select Book Store Application..........passed
Then User Select Login From Book Store Application..........................passed
Then User Enter Registration details and Register...........................passed
]]></system-out>
    </testcase>
    <testcase classname="Test Book Store Application" name="Validate the Register Functionality 2" time="2.227">
        <system-out><![CDATA[When User Navigates to Home Page and select Book Store Application..........passed
Then User Select Login From Book Store Application..........................passed
Then User Search Book in the search bar.....................................passed
Then USer Select the Book...................................................passed
]]></system-out>
    </testcase>
    <testcase classname="Test Elements functions" name="Validate the Textbox Functionality" time="4.956">
        <system-out><![CDATA[When User Navigates to Home Page and select Elements........................passed
Then User Select Text Box From Elements.....................................passed
Then User Enter the information in the Text Box.............................passed
Then User Validates the Results.............................................passed
]]></system-out>
    </testcase>
    <testcase classname="Test Elements functions" name="Validate the Checkbox Functionality" time="4.094">
        <system-out><![CDATA[When User Navigates to Home Page and select Elements........................passed
Then User Select Check Box From Elements....................................passed
Then User Select the Folder and Files.......................................passed
And Validates the Check box output..........................................passed
]]></system-out>
    </testcase>
    <testcase classname="Test Elements functions" name="Validate the Rado Button Functionality" time="3.578">
        <system-out><![CDATA[When User Navigates to Home Page and select Elements........................passed
Then User Select Radio Button From Elements.................................passed
Then User Select the Radio Button yes.......................................passed
And Validates the Radio Button output for yes...............................passed
Then User Select the Radio Button impressive................................passed
And Validates the Radio Button output for impressive........................passed
]]></system-out>
    </testcase>
    <testcase classname="Test Elements functions" name="Validate the Web Tables Functionality" time="24.964">
        <system-out><![CDATA[When User Navigates to Home Page and select Elements........................passed
Then User Select Web Tables From Elements...................................passed
When User Verify that Table is Loaded.......................................passed
Then User Add a New Record..................................................passed
Then User edit an Existing Record...........................................passed
Then USer Delete the Record.................................................passed
Then User Sort the Column...................................................passed
Then User search for the Record.............................................passed
]]></system-out>
    </testcase>
    <testcase classname="Test Elements functions" name="Validate the Dynamic Button Functionality" time="3.042">
        <system-out><![CDATA[When User Navigates to Home Page and select Elements........................passed
Then User Select Buttons From Elements......................................passed
When User Verify double click me Button.....................................passed
When User Verify right click Button.........................................passed
When User Verify dynamic click Button.......................................passed
]]></system-out>
    </testcase>
    <testcase classname="Test Elements functions" name="Validate the Links Functionality" time="3">
        <system-out><![CDATA[When User Navigates to Home Page and select Elements........................passed
Then User Select Links From Elements........................................passed
When User Verify new Window Link............................................passed
When User Validates the Links with API Status...............................passed
]]></system-out>
    </testcase>
    <testcase classname="Test Elements functions" name="Validate the broken Link and Image" time="3.56">
        <system-out><![CDATA[When User Navigates to Home Page and select Elements........................passed
Then User Select Broken Links - Images From Elements........................passed
Then Validate that the Image has a broken Link..............................passed
]]></system-out>
    </testcase>
    <testcase classname="Test Elements functions" name="validate Upload And Download Feature" time="2.389">
        <failure message="invalid argument: File not found : C:\Users\Rahul\IdeaProjects\ToolsQA\TestEvidences\sampleFile.jpeg&#10;  (Session info: chrome=131.0.6778.140)&#10;Build info: version: '4.27.0', revision: 'd6e718d134'&#10;System info: os.name: 'Windows 11', os.arch: 'amd64', os.version: '10.0', java.version: '23.0.1'&#10;Driver info: org.openqa.selenium.chrome.ChromeDriver&#10;Command: [9b3c53fe6af6c5f6436a2febb9a4816d, sendKeysToElement {id=f.50F0368983ABC04D79F6C135FEA7B357.d.8D19A37CF1BC7EBF43B03BF7B6ABB457.e.1171, value=[Ljava.lang.CharSequence;@3bbdf835}]&#10;Capabilities {acceptInsecureCerts: false, browserName: chrome, browserVersion: 131.0.6778.140, chrome: {chromedriverVersion: 131.0.6778.85 (3d81e41b6f3a..., userDataDir: C:\Users\Rahul\AppData\Loca...}, fedcm:accounts: true, goog:chromeOptions: {debuggerAddress: localhost:56931}, networkConnectionEnabled: false, pageLoadStrategy: normal, platformName: windows, proxy: Proxy(), se:cdp: ws://localhost:56931/devtoo..., se:cdpVersion: 131.0.6778.140, setWindowRect: true, strictFileInteractability: false, timeouts: {implicit: 0, pageLoad: 300000, script: 30000}, unhandledPromptBehavior: dismiss and notify, webauthn:extension:credBlob: true, webauthn:extension:largeBlob: true, webauthn:extension:minPinLength: true, webauthn:extension:prf: true, webauthn:virtualAuthenticators: true}&#10;Element: [[ChromeDriver: chrome on windows (9b3c53fe6af6c5f6436a2febb9a4816d)] -&gt; css selector: input#uploadFile]&#10;Session ID: 9b3c53fe6af6c5f6436a2febb9a4816d" type="org.openqa.selenium.InvalidArgumentException"><![CDATA[When User Navigates to Home Page and select Elements........................passed
Then User Select Upload and Download From Elements..........................passed
Then User download the file.................................................passed
Then User upload the file...................................................failed

StackTrace:
org.openqa.selenium.InvalidArgumentException: invalid argument: File not found : C:\Users\Rahul\IdeaProjects\ToolsQA\TestEvidences\sampleFile.jpeg
  (Session info: chrome=131.0.6778.140)
Build info: version: '4.27.0', revision: 'd6e718d134'
System info: os.name: 'Windows 11', os.arch: 'amd64', os.version: '10.0', java.version: '23.0.1'
Driver info: org.openqa.selenium.chrome.ChromeDriver
Command: [9b3c53fe6af6c5f6436a2febb9a4816d, sendKeysToElement {id=f.50F0368983ABC04D79F6C135FEA7B357.d.8D19A37CF1BC7EBF43B03BF7B6ABB457.e.1171, value=[Ljava.lang.CharSequence;@3bbdf835}]
Capabilities {acceptInsecureCerts: false, browserName: chrome, browserVersion: 131.0.6778.140, chrome: {chromedriverVersion: 131.0.6778.85 (3d81e41b6f3a..., userDataDir: C:\Users\Rahul\AppData\Loca...}, fedcm:accounts: true, goog:chromeOptions: {debuggerAddress: localhost:56931}, networkConnectionEnabled: false, pageLoadStrategy: normal, platformName: windows, proxy: Proxy(), se:cdp: ws://localhost:56931/devtoo..., se:cdpVersion: 131.0.6778.140, setWindowRect: true, strictFileInteractability: false, timeouts: {implicit: 0, pageLoad: 300000, script: 30000}, unhandledPromptBehavior: dismiss and notify, webauthn:extension:credBlob: true, webauthn:extension:largeBlob: true, webauthn:extension:minPinLength: true, webauthn:extension:prf: true, webauthn:virtualAuthenticators: true}
Element: [[ChromeDriver: chrome on windows (9b3c53fe6af6c5f6436a2febb9a4816d)] -> css selector: input#uploadFile]
Session ID: 9b3c53fe6af6c5f6436a2febb9a4816d
	at java.base/jdk.internal.reflect.DirectConstructorHandleAccessor.newInstance(DirectConstructorHandleAccessor.java:62)
	at java.base/java.lang.reflect.Constructor.newInstanceWithCaller(Constructor.java:501)
	at java.base/java.lang.reflect.Constructor.newInstance(Constructor.java:485)
	at org.openqa.selenium.remote.ErrorCodec.decode(ErrorCodec.java:167)
	at org.openqa.selenium.remote.codec.w3c.W3CHttpResponseCodec.decode(W3CHttpResponseCodec.java:138)
	at org.openqa.selenium.remote.codec.w3c.W3CHttpResponseCodec.decode(W3CHttpResponseCodec.java:50)
	at org.openqa.selenium.remote.HttpCommandExecutor.execute(HttpCommandExecutor.java:190)
	at org.openqa.selenium.remote.service.DriverCommandExecutor.invokeExecute(DriverCommandExecutor.java:216)
	at org.openqa.selenium.remote.service.DriverCommandExecutor.execute(DriverCommandExecutor.java:174)
	at org.openqa.selenium.remote.RemoteWebDriver.execute(RemoteWebDriver.java:545)
	at org.openqa.selenium.remote.RemoteWebElement.execute(RemoteWebElement.java:223)
	at org.openqa.selenium.remote.RemoteWebElement.sendKeys(RemoteWebElement.java:110)
	at Pages.elementPG.upLoad(elementPG.java:297)
	at Stepdefinition.StepdefinitionElement.userUploadTheFile(StepdefinitionElement.java:149)
	at âœ½.User upload the file(file:///C:/Users/Rahul/IdeaProjects/ToolsQA/src/test/resources/FeatureFiles/testElements.feature:57)
]]></failure>
    </testcase>
    <testcase classname="Test Elements functions" name="validate button with dynamic in function" time="1.951">
        <failure message="" type="java.lang.AssertionError"><![CDATA[When User Navigates to Home Page and select Elements........................passed
Then User Select Dynamic Properties From Elements...........................passed
Then User Click button is enable after 5 seconds and also check the Color of the button.failed

StackTrace:
java.lang.AssertionError
	at org.junit.Assert.fail(Assert.java:87)
	at org.junit.Assert.assertTrue(Assert.java:42)
	at org.junit.Assert.assertFalse(Assert.java:65)
	at org.junit.Assert.assertFalse(Assert.java:75)
	at Pages.elementPG.buttonValidate(elementPG.java:306)
	at Stepdefinition.StepdefinitionElement.userClickButtonIsEnableAfterSeconds(StepdefinitionElement.java:154)
	at âœ½.User Click button is enable after 5 seconds and also check the Color of the button(file:///C:/Users/Rahul/IdeaProjects/ToolsQA/src/test/resources/FeatureFiles/testElements.feature:62)
]]></failure>
    </testcase>
    <testcase classname="Test Forms" name="Validate the Textbox Functionality" time="13.226">
        <system-out><![CDATA[When User Navigates to Home Page and select Forms...........................passed
Then User Select Practice Form From Forms...................................passed
Then User Enter the information in the PracticeForm and Submit..............passed
]]></system-out>
    </testcase>
    <testcase classname="Test Interaction Functionality" name="Validate the Sorting Functionality" time="20.001">
        <system-out><![CDATA[When User Navigates to Home Page and select Interactions....................passed
Then User Select Sortable From Interactions.................................passed
Then User Sort the List Tab.................................................passed
Then User Sort the Grid Tab.................................................passed
]]></system-out>
    </testcase>
    <testcase classname="Test Interaction Functionality" name="Validate the Select Functionality" time="32.656">
        <system-out><![CDATA[When User Navigates to Home Page and select Interactions....................passed
Then User Select Selectable From Interactions...............................passed
Then User Select the List Tab...............................................passed
Then User Select the Grid Tab...............................................passed
]]></system-out>
    </testcase>
    <testcase classname="Test Interaction Functionality" name="Validate the Resizable Functionality" time="6.811">
        <system-out><![CDATA[When User Navigates to Home Page and select Interactions....................passed
Then User Select Resizable From Interactions................................passed
Then User Resize the tab....................................................passed
]]></system-out>
    </testcase>
    <testcase classname="Test Interaction Functionality" name="Validate the DropAble Functionality" time="13.214">
        <system-out><![CDATA[When User Navigates to Home Page and select Interactions....................passed
Then User Select Droppable From Interactions................................passed
Then User Drag and drop in Simple Tab.......................................passed
Then User Drag and drop in Accept Tab.......................................passed
Then User Drag and drop in Prevent Propogation Tab..........................passed
Then User Drag and drop in Revert Draggable Tab.............................passed
]]></system-out>
    </testcase>
    <testcase classname="Test Interaction Functionality" name="Validate the Resizable Functionality" time="16.018">
        <system-out><![CDATA[When User Navigates to Home Page and select Interactions....................passed
Then User Select Dragabble From Interactions................................passed
Then User Drag in Simple Tab................................................passed
Then User Drag in Axis Restricted Tab.......................................passed
Then User Drag in Container Restricted Tab..................................passed
Then User Drag in Cursor Style Tab..........................................passed
]]></system-out>
    </testcase>
    <testcase classname="Test Widgets" name="Validate the Widgets Functionality" time="9.126">
        <system-out><![CDATA[When User Navigates to Home Page and select Widgets.........................passed
Then User Select Accordian From Widgets.....................................passed
Then User Validate the Text in the Header...................................passed
]]></system-out>
    </testcase>
    <testcase classname="Test Widgets" name="Validate the Auto complete field Functionality" time="6.95">
        <system-out><![CDATA[When User Navigates to Home Page and select Widgets.........................passed
Then User Select Auto Complete From Widgets.................................passed
Then User Enter the info into the Autocomplete field........................passed
]]></system-out>
    </testcase>
    <testcase classname="Test Widgets" name="Validate the Date and Time Field" time="8.495">
        <system-out><![CDATA[When User Navigates to Home Page and select Widgets.........................passed
Then User Select Date Picker From Widgets...................................passed
Then User Select the Date...................................................passed
Then User Select the Date and Time..........................................passed
]]></system-out>
    </testcase>
    <testcase classname="Test Widgets" name="Validate the Auto complete field Functionality" time="15.221">
        <system-out><![CDATA[When User Navigates to Home Page and select Widgets.........................passed
Then User Select Progress Bar From Widgets..................................passed
Then User Validate the Progress Bar.........................................passed
]]></system-out>
    </testcase>
    <testcase classname="Test Widgets" name="Validate the Tab Functionality" time="7.385">
        <system-out><![CDATA[When User Navigates to Home Page and select Widgets.........................passed
Then User Select Tabs From Widgets..........................................passed
Then User Validate the "use" Tab............................................passed
Then User Validate the "origin" Tab.........................................passed
Then User Validate the "what" Tab...........................................passed
]]></system-out>
    </testcase>
    <testcase classname="Test Widgets" name="Validate the Hover Functionality" time="5.272">
        <system-out><![CDATA[When User Navigates to Home Page and select Widgets.........................passed
Then User Select Tool Tips From Widgets.....................................passed
Then User Hover and and Validate............................................passed
]]></system-out>
    </testcase>
    <testcase classname="Test Widgets" name="Validate the Hover Functionality 2" time="9.664">
        <system-out><![CDATA[When User Navigates to Home Page and select Widgets.........................passed
Then User Select Menu From Widgets..........................................passed
Then User Select the option from the menu...................................passed
]]></system-out>
    </testcase>
    <testcase classname="Test Widgets" name="Validate the Hover Functionality 3" time="10.838">
        <system-out><![CDATA[When User Navigates to Home Page and select Widgets.........................passed
Then User Select Select Menu From Widgets...................................passed
Then User Select Value from the List........................................passed
Then User Select value from the Dropdown....................................passed
Then USer Select value from the multiselect drop down.......................passed
Then User Select multiple option............................................passed
]]></system-out>
    </testcase>
</testsuite>
